<?xml version="1.0" encoding="UTF-8"?>
<testng-results ignored="0" total="4" passed="4" failed="0" skipped="0">
  <reporter-output>
  </reporter-output>
  <suite started-at="2024-02-07T09:51:23 IST" name="Suite" finished-at="2024-02-07T10:00:34 IST" duration-ms="550906">
    <groups>
    </groups>
    <test started-at="2024-02-07T09:51:23 IST" name="Test" finished-at="2024-02-07T10:00:34 IST" duration-ms="550906">
      <class name="testCases.TC_003">
        <test-method signature="AllCourses()[pri:3, instance:testCases.TC_003@aafcffa]" started-at="2024-02-07T09:52:15 IST" name="AllCourses" finished-at="2024-02-07T09:59:53 IST" duration-ms="458470" status="PASS">
          <reporter-output>
          </reporter-output>
        </test-method> <!-- AllCourses -->
      </class> <!-- testCases.TC_003 -->
      <class name="testCases.TC_004">
        <test-method signature="fillFormWithInvalidInput()[pri:4, instance:testCases.TC_004@6955cb39]" started-at="2024-02-07T09:59:53 IST" name="fillFormWithInvalidInput" finished-at="2024-02-07T10:00:33 IST" duration-ms="39400" status="PASS">
          <reporter-output>
          </reporter-output>
        </test-method> <!-- fillFormWithInvalidInput -->
      </class> <!-- testCases.TC_004 -->
      <class name="testCases.TC_001">
        <test-method is-config="true" signature="setup(java.lang.String,java.lang.String)[pri:0, instance:testCases.TC_001@13e547a9]" started-at="2024-02-07T09:51:24 IST" name="setup" finished-at="2024-02-07T09:51:53 IST" duration-ms="29587" status="PASS">
          <params>
            <param index="0">
              <value>
                <![CDATA[Windows]]>
              </value>
            </param>
            <param index="1">
              <value>
                <![CDATA[chrome]]>
              </value>
            </param>
          </params>
          <reporter-output>
          </reporter-output>
        </test-method> <!-- setup -->
        <test-method signature="Verify_CourseraPage()[pri:1, instance:testCases.TC_001@13e547a9]" started-at="2024-02-07T09:51:53 IST" name="Verify_CourseraPage" finished-at="2024-02-07T09:51:57 IST" duration-ms="3537" status="PASS">
          <reporter-output>
          </reporter-output>
        </test-method> <!-- Verify_CourseraPage -->
        <test-method is-config="true" signature="tearDown()[pri:0, instance:testCases.TC_001@13e547a9]" started-at="2024-02-07T10:00:33 IST" name="tearDown" finished-at="2024-02-07T10:00:34 IST" duration-ms="1368" status="PASS">
          <reporter-output>
          </reporter-output>
        </test-method> <!-- tearDown -->
      </class> <!-- testCases.TC_001 -->
      <class name="testCases.TC_002">
        <test-method signature="VerifyFindCoursesPage()[pri:0, instance:testCases.TC_002@5e8ac0e1]" started-at="2024-02-07T09:51:57 IST" name="VerifyFindCoursesPage" finished-at="2024-02-07T09:52:15 IST" duration-ms="17777" status="PASS">
          <reporter-output>
          </reporter-output>
        </test-method> <!-- VerifyFindCoursesPage -->
      </class> <!-- testCases.TC_002 -->
    </test> <!-- Test -->
  </suite> <!-- Suite -->
</testng-results>
