<?xml version="1.0" encoding="UTF-8"?>
<testng-results ignored="0" total="4" passed="4" failed="0" skipped="0">
  <reporter-output>
  </reporter-output>
  <suite started-at="2024-02-16T15:04:42 IST" name="Suite" finished-at="2024-02-16T15:11:28 IST" duration-ms="406392">
    <groups>
      <group name="regression">
        <method signature="TC_002.VerifyFindCoursesPage()[pri:0, instance:testCases.TC_002@2cae1042]" name="VerifyFindCoursesPage" class="testCases.TC_002"/>
        <method signature="TC_003.AllCourses()[pri:0, instance:testCases.TC_003@163d04ff]" name="AllCourses" class="testCases.TC_003"/>
      </group> <!-- regression -->
      <group name="smoke">
        <method signature="TC_004.fillFormWithInvalidInput()[pri:0, instance:testCases.TC_004@7c209437]" name="fillFormWithInvalidInput" class="testCases.TC_004"/>
        <method signature="TC_001.Verify_CourseraPage()[pri:1, instance:testCases.TC_001@207b8649]" name="Verify_CourseraPage" class="testCases.TC_001"/>
      </group> <!-- smoke -->
      <group name="master">
        <method signature="TC_002.VerifyFindCoursesPage()[pri:0, instance:testCases.TC_002@2cae1042]" name="VerifyFindCoursesPage" class="testCases.TC_002"/>
        <method signature="TC_003.AllCourses()[pri:0, instance:testCases.TC_003@163d04ff]" name="AllCourses" class="testCases.TC_003"/>
        <method signature="TC_004.fillFormWithInvalidInput()[pri:0, instance:testCases.TC_004@7c209437]" name="fillFormWithInvalidInput" class="testCases.TC_004"/>
        <method signature="TC_001.Verify_CourseraPage()[pri:1, instance:testCases.TC_001@207b8649]" name="Verify_CourseraPage" class="testCases.TC_001"/>
      </group> <!-- master -->
    </groups>
    <test started-at="2024-02-16T15:04:42 IST" name="Test" finished-at="2024-02-16T15:11:28 IST" duration-ms="406392">
      <class name="testCases.TC_003">
        <test-method signature="AllCourses()[pri:0, instance:testCases.TC_003@163d04ff]" started-at="2024-02-16T15:05:42 IST" name="AllCourses" finished-at="2024-02-16T15:09:46 IST" duration-ms="244140" status="PASS">
          <reporter-output>
          </reporter-output>
        </test-method> <!-- AllCourses -->
      </class> <!-- testCases.TC_003 -->
      <class name="testCases.TC_004">
        <test-method signature="fillFormWithInvalidInput()[pri:0, instance:testCases.TC_004@7c209437]" started-at="2024-02-16T15:09:46 IST" name="fillFormWithInvalidInput" finished-at="2024-02-16T15:11:27 IST" duration-ms="101057" status="PASS">
          <reporter-output>
          </reporter-output>
        </test-method> <!-- fillFormWithInvalidInput -->
      </class> <!-- testCases.TC_004 -->
      <class name="testCases.TC_001">
        <test-method is-config="true" signature="setup(java.lang.String,java.lang.String)[pri:0, instance:testCases.TC_001@207b8649]" started-at="2024-02-16T15:04:43 IST" name="setup" finished-at="2024-02-16T15:05:09 IST" duration-ms="25871" status="PASS">
          <params>
            <param index="0">
              <value>
                <![CDATA[Windows]]>
              </value>
            </param>
            <param index="1">
              <value>
                <![CDATA[chrome]]>
              </value>
            </param>
          </params>
          <reporter-output>
          </reporter-output>
        </test-method> <!-- setup -->
        <test-method signature="Verify_CourseraPage()[pri:1, instance:testCases.TC_001@207b8649]" started-at="2024-02-16T15:05:09 IST" name="Verify_CourseraPage" finished-at="2024-02-16T15:05:13 IST" duration-ms="4077" status="PASS">
          <reporter-output>
          </reporter-output>
        </test-method> <!-- Verify_CourseraPage -->
        <test-method is-config="true" signature="tearDown()[pri:0, instance:testCases.TC_001@207b8649]" started-at="2024-02-16T15:11:27 IST" name="tearDown" finished-at="2024-02-16T15:11:28 IST" duration-ms="1363" status="PASS">
          <reporter-output>
          </reporter-output>
        </test-method> <!-- tearDown -->
      </class> <!-- testCases.TC_001 -->
      <class name="testCases.TC_002">
        <test-method signature="VerifyFindCoursesPage()[pri:0, instance:testCases.TC_002@2cae1042]" started-at="2024-02-16T15:05:13 IST" name="VerifyFindCoursesPage" finished-at="2024-02-16T15:05:42 IST" duration-ms="28964" status="PASS">
          <reporter-output>
          </reporter-output>
        </test-method> <!-- VerifyFindCoursesPage -->
      </class> <!-- testCases.TC_002 -->
    </test> <!-- Test -->
  </suite> <!-- Suite -->
</testng-results>
